<?xml version="1.0" encoding="UTF-8"?>
<testng-results ignored="0" total="2" passed="2" failed="0" skipped="0">
  <reporter-output>
  </reporter-output>
  <suite started-at="2024-11-21T12:13:02 IST" name="SimbaTestSuite" finished-at="2024-11-21T12:13:05 IST" duration-ms="3886">
    <groups>
    </groups>
    <test started-at="2024-11-21T12:13:02 IST" name="LoginTests" finished-at="2024-11-21T12:13:05 IST" duration-ms="3886">
      <class name="com.sample.test.LoginAPITest">
        <test-method signature="testDirectLogin()[pri:0, instance:com.sample.test.LoginAPITest@79179359]" started-at="2024-11-21T12:13:02 IST" name="testDirectLogin" finished-at="2024-11-21T12:13:04 IST" duration-ms="2523" status="PASS">
          <reporter-output>
          </reporter-output>
        </test-method> <!-- testDirectLogin -->
      </class> <!-- com.sample.test.LoginAPITest -->
      <class name="com.sample.test.AutoEmailDashTest">
        <test-method is-config="true" signature="login()[pri:0, instance:com.sample.test.AutoEmailDashTest@691939c9]" started-at="2024-11-21T12:13:04 IST" name="login" finished-at="2024-11-21T12:13:04 IST" duration-ms="297" status="PASS">
          <reporter-output>
          </reporter-output>
        </test-method> <!-- login -->
        <test-method signature="testFetchAddUpdateDeleteAutoMail()[pri:0, instance:com.sample.test.AutoEmailDashTest@691939c9]" started-at="2024-11-21T12:13:04 IST" name="testFetchAddUpdateDeleteAutoMail" finished-at="2024-11-21T12:13:05 IST" duration-ms="1029" status="PASS">
          <reporter-output>
          </reporter-output>
        </test-method> <!-- testFetchAddUpdateDeleteAutoMail -->
      </class> <!-- com.sample.test.AutoEmailDashTest -->
    </test> <!-- LoginTests -->
  </suite> <!-- SimbaTestSuite -->
</testng-results>
