<?xml version="1.0" encoding="UTF-8"?>
<testng-results ignored="0" total="1" passed="1" failed="0" skipped="0">
  <reporter-output>
  </reporter-output>
  <suite started-at="2024-11-18T17:59:47 IST" name="Default suite" finished-at="2024-11-18T17:59:50 IST" duration-ms="3395">
    <groups>
    </groups>
    <test started-at="2024-11-18T17:59:47 IST" name="Default test" finished-at="2024-11-18T17:59:50 IST" duration-ms="3395">
      <class name="com.sample.test.AutoEmailDashTest">
        <test-method signature="testFetchAddUpdateDeleteAutoMail()[pri:0, instance:com.sample.test.AutoEmailDashTest@222545dc]" started-at="2024-11-18T17:59:47 IST" name="testFetchAddUpdateDeleteAutoMail" finished-at="2024-11-18T17:59:50 IST" duration-ms="3362" status="PASS">
          <reporter-output>
          </reporter-output>
        </test-method> <!-- testFetchAddUpdateDeleteAutoMail -->
      </class> <!-- com.sample.test.AutoEmailDashTest -->
    </test> <!-- Default test -->
  </suite> <!-- Default suite -->
</testng-results>
